<?xml version="1.0" encoding="UTF-8"?>
<!-- Generated by org.testng.reporters.JUnitReportReporter -->
<testsuite hostname="DESKTOP-83U9K5D" failures="0" tests="3" name="TestNg.Testng_example1" time="0.016" errors="0" timestamp="2023-08-25T11:46:37 IST" skipped="0">
  <testcase classname="TestNg.Testng_example1" name="Tc3" time="0.001"/>
  <system-out>
    <![CDATA[running test3]]>
  </system-out>
  <testcase classname="TestNg.Testng_example1" name="Tc2" time="0.003"/>
  <system-out>
    <![CDATA[running test2]]>
  </system-out>
  <testcase classname="TestNg.Testng_example1" name="Tc1" time="0.012"/>
  <system-out>
    <![CDATA[running test1]]>
  </system-out>
</testsuite> <!-- TestNg.Testng_example1 -->
