<?xml version="1.0" encoding="UTF-8"?>
<!-- Generated by org.testng.reporters.JUnitReportReporter -->
<testsuite hostname="DESKTOP-83U9K5D" failures="0" tests="3" name="TestNg.keyword1_invocationcount" time="0.011" errors="0" timestamp="2023-08-24T06:15:51 IST" skipped="0">
  <testcase classname="TestNg.keyword1_invocationcount" name="TC1" time="0.001"/>
  <system-out>
    <![CDATA[running Tc1]]>
  </system-out>
  <testcase classname="TestNg.keyword1_invocationcount" name="TC1" time="0.002"/>
  <system-out>
    <![CDATA[running Tc1]]>
  </system-out>
  <testcase classname="TestNg.keyword1_invocationcount" name="TC1" time="0.008"/>
  <system-out>
    <![CDATA[running Tc1]]>
  </system-out>
</testsuite> <!-- TestNg.keyword1_invocationcount -->
