<?xml version="1.0" encoding="UTF-8"?>
<!-- Generated by org.testng.reporters.JUnitReportReporter -->
<testsuite hostname="DESKTOP-83U9K5D" failures="0" tests="2" name="TestNg.anotation_Testng" time="0.008" errors="0" timestamp="2023-08-23T18:49:54 IST" skipped="0">
  <testcase classname="TestNg.anotation_Testng" name="verifyfullname" time="0.006"/>
  <system-out>
    <![CDATA[--running verifyfullname test case--]]>
  </system-out>
  <testcase classname="TestNg.anotation_Testng" name="verifyfullname2" time="0.002"/>
  <system-out>
    <![CDATA[--running verifyfullname test2 case--]]>
  </system-out>
</testsuite> <!-- TestNg.anotation_Testng -->
