<?xml version="1.0" encoding="UTF-8"?>
<!-- Generated by org.testng.reporters.JUnitReportReporter -->
<testsuite hostname="DESKTOP-83U9K5D" failures="0" tests="2" name="TestNg.keyword_enabled" time="0.006" errors="0" timestamp="2023-08-24T06:24:05 IST" skipped="1">
  <testcase classname="TestNg.keyword_enabled" name="TC3" time="0.006"/>
  <system-out>
    <![CDATA[running TC3]]>
  </system-out>
  <testcase classname="TestNg.keyword_enabled" name="TC2">
    <skipped/>
  </testcase> <!-- TC2 -->
  <system-out/>
</testsuite> <!-- TestNg.keyword_enabled -->
